\BOOKMARK [1][-]{section.1}{\376\377\000I\000n\000t\000r\000o\000d\000u\000c\000c\000i\000\363\000n}{}% 1
\BOOKMARK [1][-]{section.2}{\376\377\000T\000r\000i\000a\000n\000g\000l\000e\000\040\000I\000n\000s\000e\000r\000t\000i\000o\000n\000\040\000V\0003\000:\000\040\000C\000o\000n\000v\000e\000x\000\040\000H\000u\000l\000l\000\040\000+\000\040\000C\000h\000e\000a\000p\000e\000s\000t}{}% 2
\BOOKMARK [2][-]{subsection.2.1}{\376\377\000D\000e\000s\000c\000r\000i\000p\000c\000i\000\363\000n\000\040\000M\000a\000t\000e\000m\000\341\000t\000i\000c\000a}{section.2}% 3
\BOOKMARK [2][-]{subsection.2.2}{\376\377\000C\000o\000m\000p\000l\000e\000j\000i\000d\000a\000d}{section.2}% 4
\BOOKMARK [1][-]{section.3}{\376\377\000T\000r\000i\000a\000n\000g\000l\000e\000\040\000I\000n\000s\000e\000r\000t\000i\000o\000n\000\040\000V\0004\000:\000\040\000L\000o\000o\000k\000-\000A\000h\000e\000a\000d\000\040\000R\000o\000t\000a\000t\000i\000o\000n}{}% 5
\BOOKMARK [2][-]{subsection.3.1}{\376\377\000D\000e\000s\000c\000r\000i\000p\000c\000i\000\363\000n\000\040\000M\000a\000t\000e\000m\000\341\000t\000i\000c\000a}{section.3}% 6
\BOOKMARK [1][-]{section.4}{\376\377\000T\000r\000i\000a\000n\000g\000l\000e\000\040\000I\000n\000s\000e\000r\000t\000i\000o\000n\000\040\000V\0005\000:\000\040\000R\000o\000o\000t\000\040\000B\000a\000c\000k\000t\000r\000a\000c\000k\000i\000n\000g\000\040\000\050\000B\000r\000a\000n\000c\000h\000\040\000\046\000\040\000B\000o\000u\000n\000d\000\051}{}% 7
\BOOKMARK [2][-]{subsection.4.1}{\376\377\000D\000e\000s\000c\000r\000i\000p\000c\000i\000\363\000n\000\040\000M\000a\000t\000e\000m\000\341\000t\000i\000c\000a}{section.4}% 8
\BOOKMARK [1][-]{section.5}{\376\377\000T\000r\000i\000a\000n\000g\000l\000e\000\040\000I\000n\000s\000e\000r\000t\000i\000o\000n\000\040\000V\0006\000:\000\040\000S\000m\000o\000o\000t\000h\000e\000s\000t\000\040\000A\000n\000g\000l\000e\000\040\000I\000n\000s\000e\000r\000t\000i\000o\000n}{}% 9
\BOOKMARK [2][-]{subsection.5.1}{\376\377\000D\000e\000s\000c\000r\000i\000p\000c\000i\000\363\000n\000\040\000M\000a\000t\000e\000m\000\341\000t\000i\000c\000a}{section.5}% 10
\BOOKMARK [1][-]{section.6}{\376\377\000T\000r\000i\000a\000n\000g\000l\000e\000\040\000I\000n\000s\000e\000r\000t\000i\000o\000n\000\040\000V\0007\000:\000\040\000M\000e\000t\000a\000h\000e\000u\000r\000\355\000s\000t\000i\000c\000a\000\040\000y\000\040\000A\000c\000e\000l\000e\000r\000a\000c\000i\000\363\000n\000\040\000G\000e\000o\000m\000\351\000t\000r\000i\000c\000a}{}% 11
\BOOKMARK [2][-]{subsection.6.1}{\376\377\000I\000n\000n\000o\000v\000a\000c\000i\000o\000n\000e\000s\000\040\000T\000e\000c\000n\000o\000l\000\363\000g\000i\000c\000a\000s}{section.6}% 12
\BOOKMARK [2][-]{subsection.6.2}{\376\377\000O\000p\000t\000i\000m\000i\000z\000a\000c\000i\000\363\000n\000\040\000d\000e\000\040\000O\000p\000e\000r\000a\000d\000o\000r\000e\000s\000\040\000L\000o\000c\000a\000l\000e\000s}{section.6}% 13
\BOOKMARK [2][-]{subsection.6.3}{\376\377\000R\000e\000n\000d\000i\000m\000i\000e\000n\000t\000o\000\040\000e\000n\000\040\000B\000e\000n\000c\000h\000m\000a\000r\000k\000s\000\040\000R\000e\000a\000l\000e\000s}{section.6}% 14
\BOOKMARK [1][-]{section.7}{\376\377\000T\000r\000i\000a\000n\000g\000l\000e\000\040\000I\000n\000s\000e\000r\000t\000i\000o\000n\000\040\000V\0008\000:\000\040\000O\000u\000t\000s\000i\000d\000e\000-\000I\000n\000\040\000A\000n\000g\000l\000e\000\040\000O\000p\000t\000i\000m\000i\000z\000a\000t\000i\000o\000n}{}% 15
\BOOKMARK [2][-]{subsection.7.1}{\376\377\000D\000e\000s\000c\000r\000i\000p\000c\000i\000\363\000n\000\040\000M\000a\000t\000e\000m\000\341\000t\000i\000c\000a}{section.7}% 16
\BOOKMARK [2][-]{subsection.7.2}{\376\377\000C\000o\000m\000p\000l\000e\000j\000i\000d\000a\000d}{section.7}% 17
\BOOKMARK [2][-]{subsection.7.3}{\376\377\000V\000e\000n\000t\000a\000j\000a\000s\000\040\000d\000e\000l\000\040\000E\000n\000f\000o\000q\000u\000e\000\040\000O\000u\000t\000s\000i\000d\000e\000-\000I\000n}{section.7}% 18
\BOOKMARK [2][-]{subsection.7.4}{\376\377\000R\000e\000n\000d\000i\000m\000i\000e\000n\000t\000o\000\040\000e\000n\000\040\000B\000e\000n\000c\000h\000m\000a\000r\000k\000s\000\040\000R\000e\000a\000l\000e\000s\000\040\000\050\000T\000S\000P\000L\000I\000B\000\051}{section.7}% 19
\BOOKMARK [2][-]{subsection.7.5}{\376\377\000T\000r\000a\000d\000e\000-\000o\000f\000f\000s}{section.7}% 20
\BOOKMARK [1][-]{section.8}{\376\377\000C\000o\000n\000c\000l\000u\000s\000i\000\363\000n}{}% 21
